loading geneMap (found 214975 annotations)
loading geneMap (found 214975 annotations)
totalAnnotations 214975
meanAnnotationsPerId 2.9208956643432655
annotatedCounter 8824
test mode: 3
0: threshold = 49.180757667741936 (4) 
1: threshold = 41.34206601548387 (4) 
2: threshold = 33.50337436322581 (14) 
3: threshold = 25.664682710967746 (73) 
4: threshold = 17.825991058709683 (301) 
5: threshold = 9.98729940645162 (1205) 
6: threshold = 2.148607754193555 (10179) 
7: threshold = -5.690083898064509 (71633) 
8: threshold = -13.528775550322575 (73135) 
9: threshold = -21.367467202580638 (73458) 
10: threshold = -29.2061588548387 (73554) 
11: threshold = -37.04485050709677 (73577) 
12: threshold = -44.88354215935483 (73586) 
13: threshold = -52.722233811612895 (73588) 
14: threshold = -60.56092546387096 (73589) 
15: threshold = -68.39961711612902 (73591) 
16: threshold = -76.23830876838709 (73593) 
17: threshold = -84.07700042064515 (73596) 
18: threshold = -91.91569207290321 (73596) 
19: threshold = -99.75438372516128 (73597) 
20: threshold = -107.59307537741934 (73597) 
21: threshold = -115.4317670296774 (73597) 
22: threshold = -123.27045868193547 (73597) 
23: threshold = -131.10915033419354 (73598) 
24: threshold = -138.9478419864516 (73598) 
25: threshold = -146.78653363870967 (73598) 
26: threshold = -154.62522529096773 (73598) 
27: threshold = -162.4639169432258 (73598) 
28: threshold = -170.30260859548386 (73598) 
29: threshold = -178.14130024774192 (73598) 
final results.size: 213
report:null:
