loading geneMap (found 343887 annotations)
loading geneMap (found 343887 annotations)
totalAnnotations 343887
meanAnnotationsPerId 4.672441201646762
annotatedCounter 10575
test mode: 3
0: threshold = 198.60341781280647 (6) 
1: threshold = 183.50650666061293 (12) 
2: threshold = 168.4095955084194 (19) 
3: threshold = 153.31268435622584 (38) 
4: threshold = 138.2157732040323 (64) 
5: threshold = 123.11886205183876 (95) 
6: threshold = 108.02195089964522 (131) 
7: threshold = 92.92503974745168 (186) 
8: threshold = 77.82812859525814 (269) 
9: threshold = 62.73121744306459 (398) 
10: threshold = 47.63430629087104 (699) 
11: threshold = 32.53739513867749 (1373) 
12: threshold = 17.44048398648394 (3323) 
13: threshold = 2.3435728342903914 (16580) 
14: threshold = -12.753338317903157 (69908) 
15: threshold = -27.850249470096706 (72440) 
16: threshold = -42.947160622290255 (73158) 
17: threshold = -58.044071774483804 (73406) 
18: threshold = -73.14098292667735 (73524) 
19: threshold = -88.23789407887091 (73564) 
20: threshold = -103.33480523106445 (73587) 
21: threshold = -118.43171638325799 (73592) 
22: threshold = -133.52862753545153 (73594) 
23: threshold = -148.62553868764508 (73595) 
24: threshold = -163.72244983983862 (73595) 
25: threshold = -178.81936099203216 (73597) 
26: threshold = -193.9162721442257 (73597) 
27: threshold = -209.01318329641924 (73597) 
28: threshold = -224.11009444861278 (73598) 
29: threshold = -239.20700560080633 (73598) 
final results.size: 274
report:null:
